<?xml version="1.0" encoding="UTF-8"?>
<!-- Generated by org.testng.reporters.JUnitXMLReporter -->
<testsuite ignored="4" hostname="DESKTOP-INIVNI7" failures="0" tests="1" name="Smoke Test" time="0.04" errors="0" timestamp="2024-04-07T21:46:48 IST">
  <testcase classname="firstpackage.Annotations3" name="e" time="0.01"/>
  <testcase classname="firstpackage.Annotations3" name="a" time="0.0">
    <ignored/>
  </testcase> <!-- a -->
  <testcase classname="firstpackage.Annotations3" name="b" time="0.0">
    <ignored/>
  </testcase> <!-- b -->
  <testcase classname="firstpackage.Annotations3" name="c" time="0.0">
    <ignored/>
  </testcase> <!-- c -->
  <testcase classname="firstpackage.Annotations3" name="d" time="0.0">
    <ignored/>
  </testcase> <!-- d -->
</testsuite> <!-- Smoke Test -->
